<?xml version="1.0" encoding="UTF-8"?>
<!-- Generated by org.testng.reporters.JUnitReportReporter -->
<testsuite hostname="OWNMUM-49272" failures="0" tests="3" name="test.LoanTest" time="0.019" errors="0" timestamp="2022-09-04T09:30:07 IST" skipped="0">
  <testcase classname="test.LoanTest" name="PersonalLoanTest" time="0.012"/>
  <system-out/>
  <testcase classname="test.LoanTest" name="PersonalLoanTest1" time="0.001"/>
  <system-out/>
  <testcase classname="test.LoanTest" name="HomeLoanTest" time="0.006"/>
  <system-out/>
</testsuite> <!-- test.LoanTest -->
