<?xml version="1.0" encoding="UTF-8"?>
<!-- Generated by org.testng.reporters.JUnitReportReporter -->
<testsuite hostname="OWNMUM-49272" failures="0" tests="1" name="test.CardTest" time="0.004" errors="0" timestamp="2022-09-04T09:30:07 IST" skipped="0">
  <testcase classname="test.CardTest" name="CCTest" time="0.004"/>
  <system-out/>
</testsuite> <!-- test.CardTest -->
